<?xml version="1.0" encoding="UTF-8"?>
<!-- Generated by org.testng.reporters.JUnitReportReporter -->
<testsuite hostname="DESKTOP-2LBJ666" failures="0" tests="2" name="com.mystore.testcases.TC_ContactUsTest" time="9.013" errors="0" timestamp="2024-07-13T16:28:58 JST" skipped="0">
  <testcase classname="com.mystore.testcases.TC_ContactUsTest" name="verifySendaMessagewithoutlogin" time="3.341"/>
  <testcase classname="com.mystore.testcases.TC_ContactUsTest" name="verifySendaMessagewithlogin" time="5.672"/>
</testsuite> <!-- com.mystore.testcases.TC_ContactUsTest -->
