<?xml version="1.0" encoding="UTF-8"?>
<!-- Generated by org.testng.reporters.JUnitReportReporter -->
<testsuite hostname="DESKTOP-2LBJ666" failures="0" tests="3" name="com.mystore.testcases.TC_MyAccountPageTest" time="7.774" errors="0" timestamp="2024-07-13T16:28:58 JST" skipped="1">
  <testcase classname="com.mystore.testcases.TC_MyAccountPageTest" name="VerifySignOut" time="5.379"/>
  <testcase classname="com.mystore.testcases.TC_MyAccountPageTest" name="verifyLogin" time="2.395"/>
  <testcase classname="com.mystore.testcases.TC_MyAccountPageTest" name="verifyRegistrationAndLogin">
    <skipped/>
  </testcase> <!-- verifyRegistrationAndLogin -->
</testsuite> <!-- com.mystore.testcases.TC_MyAccountPageTest -->
