<?xml version="1.0" encoding="UTF-8"?>
<!-- Generated by org.testng.reporters.JUnitReportReporter -->
<testsuite hostname="DESKTOP-2LBJ666" failures="0" tests="3" name="com.mystore.testcases.TC_MyAccountPageTestDataDriven" time="9.596" errors="0" timestamp="2024-07-13T14:21:17 JST" skipped="1">
  <testcase classname="com.mystore.testcases.TC_MyAccountPageTestDataDriven" name="verifyLogin" time="5.556"/>
  <testcase classname="com.mystore.testcases.TC_MyAccountPageTestDataDriven" name="verifyLogin" time="4.040"/>
  <testcase classname="com.mystore.testcases.TC_MyAccountPageTestDataDriven" name="verifyRegistrationAndLogin">
    <skipped/>
  </testcase> <!-- verifyRegistrationAndLogin -->
</testsuite> <!-- com.mystore.testcases.TC_MyAccountPageTestDataDriven -->
